
# DIGIMAT INFO : Digimat Log file - 22/03/2026  12:10:12
#***************************************************************************#
#                                  DIGIMAT                                  #
#                              Version 2023.1                               #
#                            (Tag : 9a82fdcac4)                             #
#                        (Build date : 2023-Mar-26)                         #
#                              (MSC licensing)                              #
#                        By: MSC Software Belgium SA                        #
#               Axis Park-Building H, 9, Rue Emile Francqui,                #
#                    B-1435 Mont-Saint-Guibert, Belgium                     #
# Copyright © 2023 Hexagon AB and/or its subsidiaries. All Rights Reserved. #
# WARNING: This computer program is protected by copyright law and          #
# international treaties. Unauthorized reproduction or distribution of this #
# program, or any portion of it, may result in legal actions.               #
#***************************************************************************#


# DIGIMAT INFO : DIGIMAT_BIN_20231 = C:\MSC.Software\Digimat\2023.1\Digimat\exec
# DIGIMAT INFO : DIGIMAT_Settings.ini file used for analysis is
# C:\MSC.Software\Digimat\2023.1\Digimat\exec\DIGIMAT_Settings.ini


# DIGIMAT INFO : Checking out license ... 

# DIGIMAT INFO : MSC_LICENSE_FILE environment variable set to '27500@TIAN'.

# DIGIMAT INFO : Used license location : '27500@TIAN'.

# DIGIMAT INFO : License check out successful


#
MATERIAL
#

name = Material1
type = elastic
density = 1
elastic_model = isotropic
Young = 0.0448
Poisson = 0.35
thermal_expansion = 2.6e-05
reference_temperature = 0

#
MATERIAL
#

name = Material2
type = elastic
density = 1
elastic_model = transversely_isotropic
axial_Young = 0.23313
inPlane_Young = 0.02311
transverse_Poisson = 0.2
inPlane_Poisson = 0.404
transverse_shear = 0.0897
axial_CTE = -2.4e-06
inPlane_CTE = 6.4e-06
reference_temperature = 0

#
PHASE
#

name = Phase1
type = matrix
material = Material1
volume_fraction = 0.85

#
PHASE
#

name = Phase2
type = inclusion
behavior = deformable_solid
material = Material2
volume_fraction = 0.15
aspect_ratio = 12.5
orientation = tensor
closure = orthotropic
orientation_11 = 1
orientation_22 = 0
orientation_33 = 0
orientation_12 = 0
orientation_23 = 0
orientation_13 = 0
coating = no

#
MICROSTRUCTURE
#

name = Microstructure1
phase = Phase1
phase = Phase2

#
RVE
#

name = rve1
type = classical
microstructure = Microstructure1

#
LOADING
#

name = Mechanical
type = strain
load = uniaxial_1
theta_load = 90
phi_load = 0
source = parameters
initial_strain = 0
peak_strain = 0.03
history = monotonic

#
LOADING
#

name = Temperature
type = temperature
peak_temperature = 1
initial_temperature = 0
history = monotonic

#
ANALYSIS
#

name = Analysis1
type = thermo_mechanical
load = DIGIMAT
loading_name = Mechanical,Temperature
output_name = output1
rve_name = rve1
finite_strain = off
finite_rotation = off
homogenization = on
homogenization_model = Mori_Tanaka
second_order = off
integration_parameter = 0.5
OT_trace_tol = 0.01
initial_stresses = off
discrete_affine_method = off
two_level_method = off
orthotropic_projection = on
plane_strain_element = off
export_thermoelastic_properties = off
export_stiffness_properties = off
stiffness = on
final_time = 1
number_increment = 200
# DIGIMAT WARNING : Max_time_inc is invalid or undefined; default used
max_time_inc = 0.005
# DIGIMAT WARNING : Min_time_inc is undefined, too small or too big; default
# used
min_time_inc = 0.000333333
homogenization_tol = 1e-06
homogenization_relative_tol = 0.0001
acceptable_homogenization_tol = 1e-05
loading_tol = 1.65926e-11
loading_tol_threshold = 1e-05
acceptable_loading_tol = 1.65926e-10
homogenization_it_max = 200
homogenization_monitoring_it = 200
loading_it_max = 20
loading_monitoring_it = 4
plasticity_it_max = 20
interaction_law_scheme = off
creep_step_number = none
multi_level_method = off
multi_layered_microstructure = off
output_precision = 5
FPGF_refinement = on
symmetric_stiffness_matrix = on
stiffness_update_delay = 1
delay_start_time = 1e-05
return_unsymmetric_stiffness = off
high_cyclic_fatigue = off
high_cyclic_damage_model = off
macro_stress = from_averaging
adaptative_time_incrementation = off
hybrid_methodology = off
postpro_output_frequency = 1


#
OUTPUT
#

name = output1
RVE_data = Default,time,E.11,E.22,E.33,E.12,E.23,E.13,S.11,S.22,S.33,S.12,S.23,S.13,S.eq,ISV,dVol,Temp
Engineering_data = Default,Cloc,Cglob,Sloc,Sglob,Temp,AlphaLoc,AlphaGlob,EngModule,OrthoAngles,Density
Dependent_data = None
Log_data = Default
Fatigue_data = None
Composite_data = None
Phase_data = Phase1,Default,time,E.11,E.22,E.33,E.12,E.23,E.13,S.11,S.22,S.33,S.12,S.23,S.13,S.eq,dVol,Temp
Phase_data = Phase2,Default,time,E.11,E.22,E.33,E.12,E.23,E.13,S.11,S.22,S.33,S.12,S.23,S.13,S.eq,dVol,Temp
# DIGIMAT INFO : INPUT PROCESSOR ISSUED 0 ERROR AND 2 WARNING MESSAGES

# DIGIMAT WARNING : Trying to invert a non symetric positive definite matrix in
# Cholesky decomposition. Switching to LU decomposition.

#
TIME STEPPING
#
TIME = 0.000000e+00 TimeInc = 5.000000e-03
TIME = 5.000000e-03 TimeInc = 5.000000e-03
TIME = 1.000000e-02 TimeInc = 5.000000e-03
TIME = 1.500000e-02 TimeInc = 5.000000e-03
TIME = 2.000000e-02 TimeInc = 5.000000e-03
TIME = 2.500000e-02 TimeInc = 5.000000e-03
TIME = 3.000000e-02 TimeInc = 5.000000e-03
TIME = 3.500000e-02 TimeInc = 5.000000e-03
TIME = 4.000000e-02 TimeInc = 5.000000e-03
TIME = 4.500000e-02 TimeInc = 5.000000e-03
TIME = 5.000000e-02 TimeInc = 5.000000e-03
TIME = 5.500000e-02 TimeInc = 5.000000e-03
TIME = 6.000000e-02 TimeInc = 5.000000e-03
TIME = 6.500000e-02 TimeInc = 5.000000e-03
TIME = 7.000000e-02 TimeInc = 5.000000e-03
TIME = 7.500000e-02 TimeInc = 5.000000e-03
TIME = 8.000000e-02 TimeInc = 5.000000e-03
TIME = 8.500000e-02 TimeInc = 5.000000e-03
TIME = 9.000000e-02 TimeInc = 5.000000e-03
TIME = 9.500000e-02 TimeInc = 5.000000e-03
TIME = 1.000000e-01 TimeInc = 5.000000e-03
TIME = 1.050000e-01 TimeInc = 5.000000e-03
TIME = 1.100000e-01 TimeInc = 5.000000e-03
TIME = 1.150000e-01 TimeInc = 5.000000e-03
TIME = 1.200000e-01 TimeInc = 5.000000e-03
TIME = 1.250000e-01 TimeInc = 5.000000e-03
TIME = 1.300000e-01 TimeInc = 5.000000e-03
TIME = 1.350000e-01 TimeInc = 5.000000e-03
TIME = 1.400000e-01 TimeInc = 5.000000e-03
TIME = 1.450000e-01 TimeInc = 5.000000e-03
TIME = 1.500000e-01 TimeInc = 5.000000e-03
TIME = 1.550000e-01 TimeInc = 5.000000e-03
TIME = 1.600000e-01 TimeInc = 5.000000e-03
TIME = 1.650000e-01 TimeInc = 5.000000e-03
TIME = 1.700000e-01 TimeInc = 5.000000e-03
TIME = 1.750000e-01 TimeInc = 5.000000e-03
TIME = 1.800000e-01 TimeInc = 5.000000e-03
TIME = 1.850000e-01 TimeInc = 5.000000e-03
TIME = 1.900000e-01 TimeInc = 5.000000e-03
TIME = 1.950000e-01 TimeInc = 5.000000e-03
TIME = 2.000000e-01 TimeInc = 5.000000e-03
TIME = 2.050000e-01 TimeInc = 5.000000e-03
TIME = 2.100000e-01 TimeInc = 5.000000e-03
TIME = 2.150000e-01 TimeInc = 5.000000e-03
TIME = 2.200000e-01 TimeInc = 5.000000e-03
TIME = 2.250000e-01 TimeInc = 5.000000e-03
TIME = 2.300000e-01 TimeInc = 5.000000e-03
TIME = 2.350000e-01 TimeInc = 5.000000e-03
TIME = 2.400000e-01 TimeInc = 5.000000e-03
TIME = 2.450000e-01 TimeInc = 5.000000e-03
TIME = 2.500000e-01 TimeInc = 5.000000e-03
TIME = 2.550000e-01 TimeInc = 5.000000e-03
TIME = 2.600000e-01 TimeInc = 5.000000e-03
TIME = 2.650000e-01 TimeInc = 5.000000e-03
TIME = 2.700000e-01 TimeInc = 5.000000e-03
TIME = 2.750000e-01 TimeInc = 5.000000e-03
TIME = 2.800000e-01 TimeInc = 5.000000e-03
TIME = 2.850000e-01 TimeInc = 5.000000e-03
TIME = 2.900000e-01 TimeInc = 5.000000e-03
TIME = 2.950000e-01 TimeInc = 5.000000e-03
TIME = 3.000000e-01 TimeInc = 5.000000e-03
TIME = 3.050000e-01 TimeInc = 5.000000e-03
TIME = 3.100000e-01 TimeInc = 5.000000e-03
TIME = 3.150000e-01 TimeInc = 5.000000e-03
TIME = 3.200000e-01 TimeInc = 5.000000e-03
TIME = 3.250000e-01 TimeInc = 5.000000e-03
TIME = 3.300000e-01 TimeInc = 5.000000e-03
TIME = 3.350000e-01 TimeInc = 5.000000e-03
TIME = 3.400000e-01 TimeInc = 5.000000e-03
TIME = 3.450000e-01 TimeInc = 5.000000e-03
TIME = 3.500000e-01 TimeInc = 5.000000e-03
TIME = 3.550000e-01 TimeInc = 5.000000e-03
TIME = 3.600000e-01 TimeInc = 5.000000e-03
TIME = 3.650000e-01 TimeInc = 5.000000e-03
TIME = 3.700000e-01 TimeInc = 5.000000e-03
TIME = 3.750000e-01 TimeInc = 5.000000e-03
TIME = 3.800000e-01 TimeInc = 5.000000e-03
TIME = 3.850000e-01 TimeInc = 5.000000e-03
TIME = 3.900000e-01 TimeInc = 5.000000e-03
TIME = 3.950000e-01 TimeInc = 5.000000e-03
TIME = 4.000000e-01 TimeInc = 5.000000e-03
TIME = 4.050000e-01 TimeInc = 5.000000e-03
TIME = 4.100000e-01 TimeInc = 5.000000e-03
TIME = 4.150000e-01 TimeInc = 5.000000e-03
TIME = 4.200000e-01 TimeInc = 5.000000e-03
TIME = 4.250000e-01 TimeInc = 5.000000e-03
TIME = 4.300000e-01 TimeInc = 5.000000e-03
TIME = 4.350000e-01 TimeInc = 5.000000e-03
TIME = 4.400000e-01 TimeInc = 5.000000e-03
TIME = 4.450000e-01 TimeInc = 5.000000e-03
TIME = 4.500000e-01 TimeInc = 5.000000e-03
TIME = 4.550000e-01 TimeInc = 5.000000e-03
TIME = 4.600000e-01 TimeInc = 5.000000e-03
TIME = 4.650000e-01 TimeInc = 5.000000e-03
TIME = 4.700000e-01 TimeInc = 5.000000e-03
TIME = 4.750000e-01 TimeInc = 5.000000e-03
TIME = 4.800000e-01 TimeInc = 5.000000e-03
TIME = 4.850000e-01 TimeInc = 5.000000e-03
TIME = 4.900000e-01 TimeInc = 5.000000e-03
TIME = 4.950000e-01 TimeInc = 5.000000e-03
TIME = 5.000000e-01 TimeInc = 5.000000e-03
TIME = 5.050000e-01 TimeInc = 5.000000e-03
TIME = 5.100000e-01 TimeInc = 5.000000e-03
TIME = 5.150000e-01 TimeInc = 5.000000e-03
TIME = 5.200000e-01 TimeInc = 5.000000e-03
TIME = 5.250000e-01 TimeInc = 5.000000e-03
TIME = 5.300000e-01 TimeInc = 5.000000e-03
TIME = 5.350000e-01 TimeInc = 5.000000e-03
TIME = 5.400000e-01 TimeInc = 5.000000e-03
TIME = 5.450000e-01 TimeInc = 5.000000e-03
TIME = 5.500000e-01 TimeInc = 5.000000e-03
TIME = 5.550000e-01 TimeInc = 5.000000e-03
TIME = 5.600000e-01 TimeInc = 5.000000e-03
TIME = 5.650000e-01 TimeInc = 5.000000e-03
TIME = 5.700000e-01 TimeInc = 5.000000e-03
TIME = 5.750000e-01 TimeInc = 5.000000e-03
TIME = 5.800000e-01 TimeInc = 5.000000e-03
TIME = 5.850000e-01 TimeInc = 5.000000e-03
TIME = 5.900000e-01 TimeInc = 5.000000e-03
TIME = 5.950000e-01 TimeInc = 5.000000e-03
TIME = 6.000000e-01 TimeInc = 5.000000e-03
TIME = 6.050000e-01 TimeInc = 5.000000e-03
TIME = 6.100000e-01 TimeInc = 5.000000e-03
TIME = 6.150000e-01 TimeInc = 5.000000e-03
TIME = 6.200000e-01 TimeInc = 5.000000e-03
TIME = 6.250000e-01 TimeInc = 5.000000e-03
TIME = 6.300000e-01 TimeInc = 5.000000e-03
TIME = 6.350000e-01 TimeInc = 5.000000e-03
TIME = 6.400000e-01 TimeInc = 5.000000e-03
TIME = 6.450000e-01 TimeInc = 5.000000e-03
TIME = 6.500000e-01 TimeInc = 5.000000e-03
TIME = 6.550000e-01 TimeInc = 5.000000e-03
TIME = 6.600000e-01 TimeInc = 5.000000e-03
TIME = 6.650000e-01 TimeInc = 5.000000e-03
TIME = 6.700000e-01 TimeInc = 5.000000e-03
TIME = 6.750000e-01 TimeInc = 5.000000e-03
TIME = 6.800000e-01 TimeInc = 5.000000e-03
TIME = 6.850000e-01 TimeInc = 5.000000e-03
TIME = 6.900000e-01 TimeInc = 5.000000e-03
TIME = 6.950000e-01 TimeInc = 5.000000e-03
TIME = 7.000000e-01 TimeInc = 5.000000e-03
TIME = 7.050000e-01 TimeInc = 5.000000e-03
TIME = 7.100000e-01 TimeInc = 5.000000e-03
TIME = 7.150000e-01 TimeInc = 5.000000e-03
TIME = 7.200000e-01 TimeInc = 5.000000e-03
TIME = 7.250000e-01 TimeInc = 5.000000e-03
TIME = 7.300000e-01 TimeInc = 5.000000e-03
TIME = 7.350000e-01 TimeInc = 5.000000e-03
TIME = 7.400000e-01 TimeInc = 5.000000e-03
TIME = 7.450000e-01 TimeInc = 5.000000e-03
TIME = 7.500000e-01 TimeInc = 5.000000e-03
TIME = 7.550000e-01 TimeInc = 5.000000e-03
TIME = 7.600000e-01 TimeInc = 5.000000e-03
TIME = 7.650000e-01 TimeInc = 5.000000e-03
TIME = 7.700000e-01 TimeInc = 5.000000e-03
TIME = 7.750000e-01 TimeInc = 5.000000e-03
TIME = 7.800000e-01 TimeInc = 5.000000e-03
TIME = 7.850000e-01 TimeInc = 5.000000e-03
TIME = 7.900000e-01 TimeInc = 5.000000e-03
TIME = 7.950000e-01 TimeInc = 5.000000e-03
TIME = 8.000000e-01 TimeInc = 5.000000e-03
TIME = 8.050000e-01 TimeInc = 5.000000e-03
TIME = 8.100000e-01 TimeInc = 5.000000e-03
TIME = 8.150000e-01 TimeInc = 5.000000e-03
TIME = 8.200000e-01 TimeInc = 5.000000e-03
TIME = 8.250000e-01 TimeInc = 5.000000e-03
TIME = 8.300000e-01 TimeInc = 5.000000e-03
TIME = 8.350000e-01 TimeInc = 5.000000e-03
TIME = 8.400000e-01 TimeInc = 5.000000e-03
TIME = 8.450000e-01 TimeInc = 5.000000e-03
TIME = 8.500000e-01 TimeInc = 5.000000e-03
TIME = 8.550000e-01 TimeInc = 5.000000e-03
TIME = 8.600000e-01 TimeInc = 5.000000e-03
TIME = 8.650000e-01 TimeInc = 5.000000e-03
TIME = 8.700000e-01 TimeInc = 5.000000e-03
TIME = 8.750000e-01 TimeInc = 5.000000e-03
TIME = 8.800000e-01 TimeInc = 5.000000e-03
TIME = 8.850000e-01 TimeInc = 5.000000e-03
TIME = 8.900000e-01 TimeInc = 5.000000e-03
TIME = 8.950000e-01 TimeInc = 5.000000e-03
TIME = 9.000000e-01 TimeInc = 5.000000e-03
TIME = 9.050000e-01 TimeInc = 5.000000e-03
TIME = 9.100000e-01 TimeInc = 5.000000e-03
TIME = 9.150000e-01 TimeInc = 5.000000e-03
TIME = 9.200000e-01 TimeInc = 5.000000e-03
TIME = 9.250000e-01 TimeInc = 5.000000e-03
TIME = 9.300000e-01 TimeInc = 5.000000e-03
TIME = 9.350000e-01 TimeInc = 5.000000e-03
TIME = 9.400000e-01 TimeInc = 5.000000e-03
TIME = 9.450000e-01 TimeInc = 5.000000e-03
TIME = 9.500000e-01 TimeInc = 5.000000e-03
TIME = 9.550000e-01 TimeInc = 5.000000e-03
TIME = 9.600000e-01 TimeInc = 5.000000e-03
TIME = 9.650000e-01 TimeInc = 5.000000e-03
TIME = 9.700000e-01 TimeInc = 5.000000e-03
TIME = 9.750000e-01 TimeInc = 5.000000e-03
TIME = 9.800000e-01 TimeInc = 5.000000e-03
TIME = 9.850000e-01 TimeInc = 5.000000e-03
TIME = 9.900000e-01 TimeInc = 5.000000e-03
TIME = 9.950000e-01 TimeInc = 5.000000e-03
TIME = 1.000000e+00 TimeInc = 5.000000e-03



# DIGIMAT INFO : DIGIMAT ANALYSIS COMPLETED
# DIGIMAT INFO : TOTAL CPU TIME = 0.004 SECONDS

